【2024-04-30 16:23:52】:OUT202404301620561904554 + 321321321321 + 321321321321 + 12321321
【2024-04-30 16:25:06】:OUT202404301620561904554 + 321321321321 + 321321321321 + 12321321
【2024-04-30 16:25:40】:OUT202404301620561904554 + 321321321321 + 321321321321 + 12321321
【2024-04-30 16:27:43】:OUT202404301620561904554 + 321321321321 + 321321321321 + 12321321
【2024-04-30 16:28:50】:OUT202404301620561904554 + 321321321321 + 321321321321 + 12321321
【2024-04-30 16:28:55】:OUT202404301620561904554 + 321321321321 + 321321321321 + 12321321
【2024-04-30 16:29:02】:OUT202404301620561904554 + 321321321321 + 321321321321 + 12321321
【2024-04-30 16:29:10】:OUT202404301620561904554 + 321321321321 + 321321321321 + 12321321
【2024-04-30 16:29:17】:OUT202404301620561904554 + 321321321321 + 321321321321 + 12321321
【2024-04-30 16:29:21】:OUT202404301620561904554 + 321321321321 + 321321321321 + 12321321
【2024-04-30 16:29:37】:OUT202404301620561904554 + 321321321321 + 321321321321 + 12321321
【2024-04-30 16:30:17】:OUT202404301620561904554 + 321321321321 + 321321321321 + 12321321
【2024-04-30 16:32:37】:OUT202404301620561904554 + 321321321321 + 321321321321 + 12321321
【2024-04-30 16:34:35】:OUT202404301620561904554 + 321321321321 + 321321321321 + 12321321
【2024-04-30 16:36:00】:OUT202404301620561904554 + 321321321321 + 321321321321 + 12321321
【2024-04-30 16:42:30】:OUT202404301620561904554 + 321321321321 + 321321321321 + 12321321
【2024-04-30 16:46:45】:OUT202404301620561904554 + 321321321321 + 321321321321 + 12321321
【2024-04-30 16:46:53】:OUT202404301620561904554 + 321321321321 + 321321321321 + 12321321
【2024-04-30 16:48:01】:OUT202404301620561904554 + 321321321321 + 321321321321 + 12321321
【2024-04-30 16:49:28】:OUT202404301649211558103 + 321321321321 + 321321321321 + 12321321
【2024-06-06 12:44:18】:OUT202406051206484418573 + 01942226060 + 01942226060 + সোবহান
【2024-06-06 12:47:58】:OUT202406051206484418573 + 01942226060 + 01942226060 + সোবহান
【2024-06-06 12:53:47】:OUT202406052348057936240 + 01747674483 + 01747674483 + গোলাম মাওলা 
【2024-06-06 12:55:36】:OUT202406052302366247616 + 01601674981 + 01601674981 + মিলন 
【2024-06-06 12:56:23】:OUT202406050418086733275 + 01877145746 + 01877145746 + 01877145746
【2024-06-06 12:56:34】:OUT202406050428442924644 + 01714906560 + 01714906560 + 01714906560
【2024-06-06 12:57:14】:OUT202406050215533677875 + 01815740347 + 01815740347 + Sifat
【2024-06-06 12:57:14】:OUT202406050242387963323 + 01832105878 + 01832105878 + Imamul
【2024-06-06 12:57:15】:OUT202406050247297680414 + 01762796304 + 01762796304 + Masud
【2024-06-06 12:57:15】:OUT202406050258369580251 + 01966757077 + 01966757077 + Samia jaman shila
【2024-06-06 12:57:51】:OUT202406050435083228570 + 01815561489 + 01815561489 + MN Chowdhury 
【2024-06-06 12:57:51】:OUT202406050435365700755 + 01815561489 + 01815561489 + MN Chowdhury 
【2024-06-06 12:57:52】:OUT202406050436004784701 + 01815561489 + 01815561489 + MN Chowdhury 
【2024-06-06 12:57:52】:OUT202406050624047576626 + 01751133498 + 01751133498 + Abdul Malek 
【2024-06-06 12:57:52】:OUT202406050626524793797 + 01608271481 + 01608271481 + SHIHAB UDDIN
【2024-06-06 12:57:52】:OUT202406050817176436914 + 01739688869 + 01739688869 + Most. Shathi
【2024-06-06 12:57:52】:OUT202406050824559489160 + 01737625234 + 01737625234 + Abdul Mannan shake 
【2024-06-06 12:57:52】:OUT202406050921245131456 + 01895219341 + 01895219341 + salman
【2024-06-06 12:58:11】:OUT202406050921245131456 + 01895219341 + 01895219341 + salman
【2024-06-06 12:58:35】:OUT202406051009499103585 + 01854285621 + 01854285621 + Emdadul
【2024-06-06 12:58:46】:OUT202406051211329333436 + 01715125030 + 01715125030 + Halima Begum 
【2024-06-06 12:59:41】:OUT202406051025482082756 + 01816703535 + 01816703535 + MD sharif 
【2024-06-06 13:00:37】:OUT202406051137122135933 + 8801888719384 + 8801888719384 + Rizvi huda
【2024-06-06 13:01:21】:OUT202406051025482082756 + 01816703535 + 01816703535 + MD sharif 
【2024-06-06 13:02:52】:OUT202406050921245131456 + 01895219341 + 01895219341 + salman
【2024-06-06 13:03:27】:OUT202406051025482082756 + 01816703535 + 01816703535 + MD sharif 
【2024-06-06 13:03:43】:OUT202406051025482082756 + 01816703535 + 01816703535 + MD sharif 
【2024-06-06 13:22:08】:OUT202406050921245131456 + 01895219341 + 01895219341 + salman
【2024-06-06 13:22:17】:OUT202406051009499103585 + 01854285621 + 01854285621 + Emdadul
【2024-06-06 13:28:57】:OUT202406050921245131456 + 01895219341 + 01895219341 + salman
【2024-06-06 13:29:06】:OUT202406051025482082756 + 01816703535 + 01816703535 + MD sharif 
【2024-06-06 13:29:22】:OUT202406051025482082756 + 01816703535 + 01816703535 + MD sharif 
【2024-06-06 13:30:05】:OUT202406052230372979713 + 01731358459 + 01731358459 + KAZI ABDUR RAHIM
【2024-06-06 13:30:35】:OUT202406052231553445436 + 01954917399 + 01954917399 + Md Washim
【2024-06-06 13:30:54】:OUT202406052017551037342 + 01776164580 + 01776164580 + Md foridul
【2024-06-06 13:31:19】:OUT202406050921245131456 + 01895219341 + 01895219341 + salman
【2024-06-06 13:31:24】:OUT202406051025482082756 + 01816703535 + 01816703535 + MD sharif 
【2024-06-06 13:32:24】:OUT202406050921245131456 + 01895219341 + 01895219341 + salman
【2024-06-06 13:34:39】:OUT202406052317455315160 + 01854285621 + 01854285621 + Emdadul
【2024-06-06 13:35:00】:OUT202406050921245131456 + 01895219341 + 01895219341 + salman
【2024-06-06 13:35:49】:OUT202406050921245131456 + 01895219341 + 01895219341 + salman
【2024-06-06 13:40:18】:OUT202406051009499103585 + 01854285621 + 01854285621 + Emdadul
【2024-06-06 13:40:24】:OUT202406051025482082756 + 01816703535 + 01816703535 + MD sharif 
【2024-06-06 13:41:02】:OUT202406052024476426726 + 01753259129 + 01753259129 + 01753259129
【2024-06-06 13:41:18】:OUT202406051748595662719 + 01746470413 + 01746470413 + Nahida 
【2024-06-06 13:41:26】:OUT202406051804494931455 + 01648801336 + 01648801336 + আয়েশা
【2024-06-06 13:44:27】:OUT202406051225009506807 + 01312263725 + 01312263725 + Md Alamgir miah
【2024-06-06 13:44:36】:OUT202406051226289239379 + 01714448246 + 01714448246 + Shamima hafiz
【2024-06-06 13:44:42】:OUT202406051244104449617 + 01880655289 + 01880655289 + মোঃআনোয়ার হুসাইন
【2024-06-06 13:44:51】:OUT202406051224424002729 + 01831491010 + 01831491010 + A R
【2024-06-06 13:44:57】:OUT202406051218088721627 + 01810088290 + 01810088290 + Manob 
【2024-06-06 13:45:11】:OUT202406051156354281321 + 01401328038 + 01401328038 + Anower
【2024-06-06 13:45:17】:OUT202406051141309576606 + 01846783950 + 01846783950 + Shuvo
【2024-06-06 13:45:23】:OUT202406051140143006160 + 01878141958 + 01878141958 + Sumi
【2024-06-06 13:45:31】:OUT202406051138566349685 + 01949668422 + 01949668422 + Nahid Hasan 
【2024-06-06 13:45:41】:OUT202406050921245131456 + 01895219341 + 01895219341 + salman
【2024-06-06 13:45:47】:OUT202406051009499103585 + 01854285621 + 01854285621 + Emdadul
【2024-06-06 13:45:53】:OUT202406051025482082756 + 01816703535 + 01816703535 + MD sharif 
【2024-06-06 13:45:59】:OUT202406051121409090544 + 01910204096 + 01910204096 + মো আমিনুল
【2024-06-06 13:46:06】:OUT202406051123347847267 + 01863001031 + 01863001031 + Shajidul Islam
【2024-06-06 13:46:13】:OUT202406051124155530379 + 01765445336 + 01765445336 + Md Arman hossain
【2024-06-06 13:46:21】:OUT202406051218088721627 + 01810088290 + 01810088290 + Manob 
【2024-06-06 13:46:34】:OUT202406051246152959463 + 01762967079 + 01762967079 + Mizanur Rahaman 
【2024-06-06 13:46:40】:OUT202406051322581892151 + 01790611669 + 01790611669 + Rakib
【2024-06-06 13:46:45】:OUT202406051336158294989 + 01949905679 + 01949905679 + Nayan 
【2024-06-06 13:47:00】:OUT202406051347169419805 + 01889937267 + 01889937267 + Ripa
【2024-06-06 13:47:09】:OUT202406051340055986568 + 01957858351 + 01957858351 + Sumon
【2024-06-06 13:47:17】:OUT202406051348045711611 + 01768391773 + 01768391773 + Saiful
【2024-06-06 13:47:23】:OUT202406051348361439680 + 01896485859 + 01896485859 + Supta
【2024-06-06 13:47:30】:OUT202406051351224935778 + 01710771213 + 01710771213 + Mojid
【2024-06-06 13:47:37】:OUT202406051358238968353 + 01965116493 + 01965116493 + Mamunur Rashid 
【2024-06-06 13:47:42】:OUT202406051419332978945 + 01738024693 + 01738024693 + Moni
【2024-06-06 13:47:49】:OUT202406051441087763447 + 01868714388 + 01868714388 + Nasir babu
【2024-06-06 13:47:55】:OUT202406051444392044319 + 01629219174 + 01629219174 +  BISHNU KUMAR MALO
【2024-06-06 13:48:00】:OUT202406051445187143398 + 01316345424 + 01316345424 + Liton
【2024-06-06 13:48:06】:OUT202406051451491890266 + 01304463389 + 01304463389 + Tm Alex 
【2024-06-06 13:48:17】:OUT202406051453068320835 + 01916301053 + 01916301053 + hridoy
【2024-06-06 13:48:18】:OUT202406051453386064531 + 01740423469 + 01740423469 + MD Firoz Mahmud
【2024-06-06 13:48:18】:OUT202406051509548322446 + 01400293027 + 01400293027 + Nobita
【2024-06-06 13:48:18】:OUT202406051510094923845 + 01854285621 + 01854285621 + Emdadul
【2024-06-06 13:48:34】:OUT202406051547488126336 + 01719986531 + 01719986531 + Mahfuzur rahman juwel
【2024-06-06 13:48:40】:OUT202406051731314765328 + 01732024010 + 01732024010 + MD. TARIKUZZAMAN
【2024-06-06 13:48:45】:OUT202406051748595662719 + 01746470413 + 01746470413 + Nahida 
【2024-06-06 13:48:55】:OUT202406051748595662719 + 01746470413 + 01746470413 + Nahida 
【2024-06-06 13:49:06】:OUT202406051840524230648 + 01927105497 + 01927105497 + Jibon Ahmed 
【2024-06-06 13:49:13】:OUT202406051901111123798 + 01763026077 + 01763026077 + Sumaiya Jahan 
【2024-06-06 13:49:42】:OUT202406052213579605400 + 01308217232 + 01308217232 + NAZATULLAH
【2024-06-06 13:49:59】:OUT202406050921245131456 + 01895219341 + 01895219341 + salman
【2024-06-06 13:50:21】:OUT202406051748595662719 + 01746470413 + 01746470413 + Nahida 
【2024-06-06 13:50:39】:OUT202406051322581892151 + 01790611669 + 01790611669 + Rakib
【2024-06-06 13:50:45】:OUT202406051348361439680 + 01896485859 + 01896485859 + Supta
【2024-06-06 13:50:51】:OUT202406051358238968353 + 01965116493 + 01965116493 + Mamunur Rashid 
【2024-06-06 13:51:03】:OUT202406051009499103585 + 01854285621 + 01854285621 + Emdadul
【2024-06-06 13:51:08】:OUT202406051025482082756 + 01816703535 + 01816703535 + MD sharif 
【2024-06-06 13:51:16】:OUT202406051218088721627 + 01810088290 + 01810088290 + Manob 
【2024-06-06 19:20:48】:OUT202406052116303957882 + 01610483677 + 01610483677 + Md limon Hossain 
【2024-06-06 19:55:21】:OUT202406052227124948988 + 01762542480 + 01762542480 + Arusha
【2024-06-07 11:35:56】:OUT202406052116303957882 + 01610483677 + 01610483677 + Md limon Hossain 
【2024-06-07 12:42:45】:OUT202406052333582902739 + 01581069572 + 01581069572 + Poran chakma 
【2024-06-07 12:44:24】:OUT202406052333582902739 + 01581069572 + 01581069572 + Poran chakma 
【2024-06-07 12:44:44】:OUT202406070100215517284 + 01815657518 + 01815657518 + Moslim
【2024-06-07 12:44:48】:OUT202406052333582902739 + 01581069572 + 01581069572 + Poran chakma 
【2024-06-07 13:41:57】:OUT202406060025457762428 + 01919546886 + 01919546886 + Sayed
【2024-06-07 13:42:10】:OUT202406060025457762428 + 01919546886 + 01919546886 + Sayed
【2024-06-07 14:36:31】:OUT202406060254025670486 + 01715083830 + 01715083830 + Shafiqur Rahman 
【2024-06-07 14:36:59】:OUT202406060254376260967 + 01330832975 + 01330832975 + Sujon
【2024-06-07 14:37:09】:OUT202406060254376260967 + 01330832975 + 01330832975 + Sujon
【2024-06-07 16:53:22】:OUT202406052030335066411 + 01961040953 + 01961040953 + Rakib
【2024-06-07 16:53:41】:OUT202406052030335066411 + 01961040953 + 01961040953 + Rakib
【2024-06-07 16:53:49】:OUT202406052030335066411 + 01961040953 + 01961040953 + Rakib
【2024-06-07 17:06:45】:OUT202406052116303957882 + 01610483677 + 01610483677 + Md limon Hossain 
【2024-06-07 17:06:55】:OUT202406052116303957882 + 01610483677 + 01610483677 + Md limon Hossain 
【2024-06-07 17:18:04】:OUT202406052030335066411 + 01961040953 + 01961040953 + Rakib
【2024-06-07 17:18:09】:OUT202406052116303957882 + 01610483677 + 01610483677 + Md limon Hossain 
【2024-06-07 17:31:31】:OUT202406052116303957882 + 01610483677 + 01610483677 + Md limon Hossain 
【2024-06-07 17:31:44】:OUT202406052030335066411 + 01961040953 + 01961040953 + Rakib
【2024-06-07 17:31:57】:OUT202406052227124948988 + 01762542480 + 01762542480 + Arusha
【2024-06-07 17:32:04】:OUT202406052320401174513 + 01783960909 + 01783960909 + সাইফুল
【2024-06-07 17:32:10】:OUT202406052333582902739 + 01581069572 + 01581069572 + Poran chakma 
【2024-06-07 17:32:16】:OUT202406060025457762428 + 01919546886 + 01919546886 + Sayed
【2024-06-07 17:32:27】:OUT202406060201567584171 + 01869979377 + 01869979377 + 01869979377
【2024-06-07 17:32:27】:OUT202406060205256582110 + 01815740347 + 01815740347 + Sifat
【2024-06-07 17:32:27】:OUT202406060205399786397 + 01978796903 + 01978796903 + Joynal
【2024-06-07 17:32:27】:OUT202406060222113148193 + 01815063598 + 01815063598 + Obhijit paul
【2024-06-07 17:32:27】:OUT202406060233432267622 + 01956085846 + 01956085846 + Md ashraful Islam 
【2024-06-07 17:32:27】:OUT202406060235472717478 + 01316697864 + 01316697864 + Sunit
【2024-06-07 17:32:28】:OUT202406060254025670486 + 01715083830 + 01715083830 + Shafiqur Rahman 
【2024-06-07 17:32:28】:OUT202406060254376260967 + 01330832975 + 01330832975 + Sujon
【2024-06-07 17:32:28】:OUT202406060302086994684 + 01854285621 + 01854285621 + Emdadul
【2024-06-07 17:32:58】:OUT202406060305312023628 + 01854285621 + 01854285621 + Emdadul
【2024-06-07 17:32:58】:OUT202406060349288155466 + 01815561489 + 01815561489 + MN Chowdhury 
【2024-06-07 17:33:21】:OUT202406060824489580575 + 01402667474 + 01402667474 + MD Sakibul Islam
【2024-06-07 17:33:21】:OUT202406060837038136777 + 01739086606 + 01739086606 + Anik
【2024-06-07 17:33:22】:OUT202406060845027724813 + 01965824912 + 01965824912 + arafat
【2024-06-07 17:33:22】:OUT202406060848261327911 + 01965824912 + 01965824912 + rifat 
【2024-06-07 17:33:22】:OUT202406060940444360887 + 01742301273 + 01742301273 + Torikul islam 
【2024-06-07 17:33:22】:OUT202406060945039639606 + 01323427401 + 01323427401 + Alamin
【2024-06-07 17:33:22】:OUT202406060949088578300 + 01911326132 + 01911326132 + Nuruzzaman Md Sadrul Haque 
【2024-06-07 17:33:22】:OUT202406061008433150404 + 01738024693 + 01738024693 + Moni
【2024-06-07 17:33:22】:OUT202406061013429413380 + 01822937267 + 01822937267 + 01822937267
【2024-06-07 17:33:22】:OUT202406061041404755408 + 01774876238 + 01774876238 + Abu Noman Mohammed Abdul Hoque Siddiki
【2024-06-07 17:33:22】:OUT202406061105185604642 + 01990079815 + 01990079815 + রফিক
【2024-06-07 17:33:23】:OUT202406061122215501775 + 8801888719384 + 8801888719384 + Rizvi huda
【2024-06-07 17:33:23】:OUT202406061142177718821 + 01726900499 + 01726900499 + Md Mushiur Rahman 
【2024-06-07 17:33:23】:OUT202406061202024563354 + 01915614526 + 01915614526 + Shahjalal salim
【2024-06-07 17:33:23】:OUT202406061206081077511 + 01798047226 + 01798047226 + Rayhan Riyad
【2024-06-07 17:33:23】:OUT202406061208094891758 + 01813287342 + 01813287342 + Krishanu Dhar
【2024-06-07 17:33:23】:OUT202406061214476031808 + 01799778176 + 01799778176 + Arif
【2024-06-07 17:33:53】:OUT202406061220434498269 + 01733603302 + 01733603302 + Rokib
【2024-06-07 17:33:53】:OUT202406061224081982491 + 01980975782 + 01980975782 + Md. Jihad Hasan 
【2024-06-07 17:33:53】:OUT202406061232062885654 + 01945864398 + 01945864398 + Shuvo
【2024-06-07 17:33:53】:OUT202406061233362215554 + 01518658674 + 01518658674 + Abu table 
【2024-06-07 17:33:53】:OUT202406061250582476676 + 01973583233 + 01973583233 + Mahbubur Rahman 
【2024-06-07 17:33:54】:OUT202406061257235140314 + 01823808313 + 01823808313 + Nur Mohammad 
【2024-06-07 17:33:54】:OUT202406061309267220839 + 01608840621 + 01608840621 + Mafiya esha
【2024-06-07 17:33:54】:OUT202406061310246985392 + 01830144313 + 01830144313 + Rafique
【2024-06-07 17:33:54】:OUT202406061321385255590 + 01956633356 + 01956633356 + Mahidul islam
【2024-06-07 17:33:54】:OUT202406061328189633504 + 01822924248 + 01822924248 + Mir Suyad sakir 
【2024-06-07 17:33:54】:OUT202406061331234509625 + 01638241875 + 01638241875 + Krishanu Dhar
【2024-06-07 17:33:54】:OUT202406061352293890922 + 01726122751 + 01726122751 + Abdul Gaffar
【2024-06-07 17:33:54】:OUT202406061352406455792 + 01304463389 + 01304463389 + Tm Alex 
【2024-06-07 17:33:54】:OUT202406061352555509319 + 01885251008 + 01885251008 + Mithi islan
【2024-06-07 17:33:54】:OUT202406061354008780651 + 01885251008 + 01885251008 + Mithi islam 
【2024-06-07 17:33:55】:OUT202406061356054685887 + 01770265551 + 01770265551 + S Rahman 
【2024-06-07 17:33:55】:OUT202406061358477869963 + 01916301053 + 01916301053 + hridoy
【2024-06-07 17:33:55】:OUT202406061440475462695 + 01927105497 + 01927105497 + Jibon Ahmed 
【2024-06-07 17:33:55】:OUT202406061611588349196 + 01762967079 + 01762967079 + Mizanur Rahaman 
【2024-06-07 17:33:55】:OUT202406061643354406740 + 01780653794 + 01780653794 + Md Razaul Haque 
【2024-06-07 17:35:12】:OUT202406061736223024526 + 01608271481 + 01608271481 + SHIHAB UDDIN
【2024-06-07 17:35:12】:OUT202406061829349311726 + 01710796560 + 01710796560 + Jannatul
【2024-06-07 17:35:12】:OUT202406061858207129217 + 01735967392 + 01735967392 + আকরাম হোসেন 
【2024-06-07 17:35:12】:OUT202406061923435002651 + 01710771213 + 01710771213 + Minu
【2024-06-07 17:35:12】:OUT202406062011371414916 + 01795751463 + 01795751463 + muajjin Hussen Jabed
【2024-06-07 17:35:13】:OUT202406062028105506149 + 01608936349 + 01608936349 + মো:পারভেজ
【2024-06-07 17:35:13】:OUT202406062256462154579 + 01606676703 + 01606676703 + Hridoy
【2024-06-07 17:35:13】:OUT202406062318489101814 + 01626346452 + 01626346452 + Neloy
【2024-06-07 17:35:13】:OUT202406062334519474312 + 01796163551 + 01796163551 + MD sakil rana 
【2024-06-07 17:35:13】:OUT202406070100215517284 + 01815657518 + 01815657518 + Moslim
【2024-06-07 17:35:41】:OUT202406061716005331733 + 01845202615 + 01845202615 + Forid
【2024-06-07 17:35:47】:OUT202406061655369683913 + 01885251008 + 01885251008 + Mithi islam 
【2024-06-08 12:11:13】:OUT202406062200003973200 + 01965824912 + 01965824912 + arafat
【2024-06-08 12:11:26】:OUT202406062208589030444 + 8801888719384 + 8801888719384 + Rizvi huda
【2024-06-08 12:11:26】:OUT202406062220223106296 + 01762796304 + 01762796304 + Masud
【2024-06-08 12:11:26】:OUT202406062229315454763 + 01706313116 + 01706313116 + Shakil
【2024-06-08 12:11:26】:OUT202406062230312840824 + 01760226904 + 01760226904 + 01760226904
【2024-06-08 12:11:26】:OUT202406062308219276468 + 01405503369 + 01405503369 + Eliousrhamatullah
【2024-06-08 12:11:26】:OUT202406062329547312741 + 01627612121 + 01627612121 + Mitu
【2024-06-08 12:11:26】:OUT202406070206226269716 + 01815740347 + 01815740347 + Sifat
【2024-06-08 12:11:26】:OUT202406070208363360975 + 01770017192 + 01770017192 + Mohibul islam
【2024-06-08 12:11:26】:OUT202406070222545429816 + 01849344217 + 01849344217 + Abdus Salam
【2024-06-08 12:11:26】:OUT202406070225353279832 + 01964740688 + 01964740688 + Raju Ahamed 
【2024-06-08 12:11:27】:OUT202406070236378321333 + 01711356188 + 01711356188 + MD SHAHINOR RAHMAN
【2024-06-08 12:11:54】:OUT202406070237315926550 + 01710477588 + 01710477588 + Shahinur Alam Sarker 
【2024-06-08 12:11:54】:OUT202406070255185416272 + 01746705848 + 01746705848 + মোঃ রাসেল 
【2024-06-08 12:11:54】:OUT202406070309475952909 + 01854285621 + 01854285621 + Emdadul
【2024-06-08 12:11:54】:OUT202406070311207096877 + 01854285621 + 01854285621 + Emdadul
【2024-06-08 12:11:54】:OUT202406070330206404260 + 01822937267 + 01822937267 + 01836711403
【2024-06-08 12:11:54】:OUT202406070426235302668 + 01832663439 + 01832663439 + Sujon
【2024-06-08 12:11:54】:OUT202406070845369839449 + 01409437999 + 01409437999 + Abdul  Barek
【2024-06-08 12:11:54】:OUT202406070850196100373 + 01788319439 + 01788319439 + MD Shipon
【2024-06-08 12:11:54】:OUT202406070922168764883 + 01617767332 + 01617767332 + Rashidul
【2024-06-08 12:11:54】:OUT202406070948248054337 + 01970095797 + 01970095797 + Mofidul Islam
【2024-06-08 12:11:55】:OUT202406071024505260657 + 01626581839 + 01626581839 + Mohammad 
【2024-06-08 12:11:55】:OUT202406071041218242499 + 01316345424 + 01316345424 + Bad Luck
【2024-06-08 12:11:55】:OUT202406071104487773135 + 8801919213073 + 8801919213073 + Ripon huda
【2024-06-08 12:11:55】:OUT202406071149235118743 + 01913685588 + 01913685588 + Mishuk Mehedi 
【2024-06-08 12:11:55】:OUT202406071155136174827 + 01305543613 + 01305543613 + Mishu
【2024-06-08 12:11:55】:OUT202406071202071879806 + 01619122348 + 01619122348 + Tafhimul Islam 
【2024-06-08 12:11:55】:OUT202406071211566536645 + 01705838350 + 01705838350 + Md Nijam Uddin
【2024-06-08 12:11:55】:OUT202406071215073969465 + 01824628567 + 01824628567 + Emran
【2024-06-08 12:11:55】:OUT202406071224514601951 + 01790287465 + 01790287465 + Mahmudul hasan
【2024-06-08 12:11:55】:OUT202406071231317754891 + 01750384591 + 01750384591 + Nupur
【2024-06-08 12:12:32】:OUT202406071238181650301 + 01717868824 + 01717868824 + washim
【2024-06-08 12:12:32】:OUT202406071255251596255 + 01799959490 + 01799959490 + Mosidul Islam 
【2024-06-08 12:12:32】:OUT202406071308151443456 + 01788929539 + 01788929539 + মোঃ রাহিম 
【2024-06-08 12:12:32】:OUT202406071309205935596 + 01752152359 + 01752152359 + 01752152359
【2024-06-08 12:12:32】:OUT202406071314503844542 + 01738024693 + 01738024693 + Moni
【2024-06-08 12:12:32】:OUT202406071347025519847 + 01763786501 + 01763786501 + পয়েজ
【2024-06-08 12:12:32】:OUT202406071404229160920 + 01811292870 + 01811292870 + Anan 
【2024-06-08 12:12:32】:OUT202406071405052712399 + 01879194180 + 01879194180 + Md korban Ali
【2024-06-08 12:12:32】:OUT202406071419196710277 + 01741424467 + 01741424467 + মো:রফিকুল ইসলাম
【2024-06-08 12:12:32】:OUT202406071421286259597 + 01810088290 + 01810088290 + Manob 
【2024-06-08 12:12:33】:OUT202406071449566846518 + 01927105497 + 01927105497 + Jibon Ahmed 
【2024-06-08 12:12:33】:OUT202406071500386413470 + 01758281371 + 01758281371 + Jafour
【2024-06-08 12:12:33】:OUT202406071523555241766 + 01308822940 + 01308822940 + Al- amin
【2024-06-08 12:12:33】:OUT202406071654314408905 + 01316345424 + 01316345424 + Onik
【2024-06-08 12:12:33】:OUT202406071714594820864 + 01761825810 + 01761825810 + Sufia begom
【2024-06-08 12:12:33】:OUT202406071720404460399 + 01740423469 + 01740423469 + MD Firoz Mahmud
【2024-06-08 12:12:33】:OUT202406071752378054383 + 01736879895 + 01736879895 + আল মামুন 
【2024-06-08 12:12:33】:OUT202406071817139470943 + 01865405350 + 01865405350 + 01865405350
【2024-06-08 12:12:33】:OUT202406071835332242181 + 01763099633 + 01763099633 + Milon
【2024-06-08 12:12:33】:OUT202406071837337833597 + 01726900499 + 01726900499 + Md Mushiur Rahman 
【2024-06-08 12:13:48】:OUT202406071841168859118 + 01762967079 + 01762967079 + Mizanur Rahaman 
【2024-06-08 12:13:48】:OUT202406071842196183591 + 01763109875 + 01763109875 + Maruf
【2024-06-08 12:13:48】:OUT202406071849183114500 + 01942226060 + 01942226060 + সোবহান
【2024-06-08 12:13:48】:OUT202406071903417813741 + 01719929488 + 01719929488 + Md faruk
【2024-06-08 12:13:48】:OUT202406071929417461137 + 01533769730 + 01533769730 + Eamin
【2024-06-08 12:13:48】:OUT202406071951482024479 + 01575027639 + 01575027639 + Tonmoy
【2024-06-08 12:13:48】:OUT202406072133264646499 + 01405998244 + 01405998244 + ফুয়াদ
【2024-06-08 12:13:48】:OUT202406072344283991468 + 01840755024 + 01840755024 + Rubal
【2024-06-08 12:13:49】:OUT202406080013257719691 + 01919213073 + 01919213073 + Asadul huda
【2024-06-08 12:13:49】:OUT202406080202378762893 + 01847615057 + 01847615057 + fahim
【2024-06-10 12:21:16】:OUT202406072041311948969 + 01909087995 + 01909087995 + Rifat 
【2024-06-10 12:21:22】:OUT202406072125027316842 + 01400103395 + 01400103395 + Md Sazzadul Islam
【2024-06-10 12:21:28】:OUT202406072140181030516 + 01838177520 + 01838177520 + Atik Hasan
【2024-06-10 12:21:34】:OUT202406072324321858844 + 01853899802 + 01853899802 + khaled hasan
【2024-06-10 12:21:40】:OUT202406080122196568885 + 01957118990 + 01957118990 + Alamin
【2024-06-10 12:22:10】:OUT202406080145413189198 + 01845275584 + 01845275584 + Nurrun Nahar 
【2024-06-10 12:22:10】:OUT202406080216558174213 + 01753181697 + 01753181697 + Nayeem munshi
【2024-06-10 12:22:11】:OUT202406080220054061113 + 01815740347 + 01815740347 + Sifat
【2024-06-10 12:22:11】:OUT202406080224125773889 + 01762796304 + 01762796304 + Masud
【2024-06-10 12:22:11】:OUT202406080227473719397 + 01400522670 + 01400522670 + Arik jahin
【2024-06-10 12:22:11】:OUT202406080236543572907 + 8801714037010 + 8801714037010 + Smirty huda
【2024-06-10 12:22:11】:OUT202406080244573663925 + 01753181697 + 01753181697 + Fahim munshi
【2024-06-10 12:22:11】:OUT202406080327595587174 + 01854285621 + 01854285621 + Emdadul
【2024-06-10 12:22:33】:OUT202406080329404028289 + 01854285621 + 01854285621 + Emdadul
【2024-06-10 12:22:33】:OUT202406080728319599501 + 01608271481 + 01608271481 + SHIHAB UDDIN
【2024-06-10 12:22:34】:OUT202406080800012138193 + 01323427401 + 01323427401 + Alamin
【2024-06-10 12:22:34】:OUT202406080819188259112 + 01733041884 + 01733041884 + Apta
【2024-06-10 12:22:34】:OUT202406080905498112502 + 01985403284 + 01985403284 + Rivana
【2024-06-10 12:22:34】:OUT202406080912317272653 + 01916301053 + 01916301053 + hridoy
【2024-06-10 12:22:34】:OUT202406080919502506241 + 01781413761 + 01781413761 + Shawon
【2024-06-10 12:22:34】:OUT202406080919518603135 + 01991159655 + 01991159655 + rashed molla
【2024-06-10 12:22:34】:OUT202406080938351984773 + 01965824912 + 01965824912 + Asif 
【2024-06-10 12:22:34】:OUT202406081029444009856 + 01637068063 + 01637068063 + sk santo raj
【2024-06-10 12:22:34】:OUT202406081041311141661 + 01822937267 + 01822937267 + 01822937267
【2024-06-10 12:22:34】:OUT202406081049465512358 + 01867917602 + 01867917602 + Eva Akter
【2024-06-10 12:22:35】:OUT202406081050587570778 + 01633130888 + 01633130888 + Md Abdul Kader 
【2024-06-10 12:22:35】:OUT202406081117184371412 + 01839628437 + 01839628437 + Md polash
【2024-06-10 12:22:35】:OUT202406081142508910255 + 01857579692 + 01857579692 + MD Hridoy 
【2024-06-10 12:22:35】:OUT202406081150164791941 + 01313385741 + 01313385741 +   দিপুল
【2024-06-10 12:22:35】:OUT202406081206353446548 + 01746518004 + 01746518004 + Md Shekh Farid 
【2024-06-10 12:22:35】:OUT202406081224221958976 + 01620889595 + 01620889595 + মোঃ মিজানুর রহমান
【2024-06-10 12:22:35】:OUT202406081234046536801 + 01790611669 + 01790611669 + Rakib 
【2024-06-10 12:22:35】:OUT202406081235094928265 + 01790611669 + 01790611669 + Rakib
【2024-06-10 12:22:50】:OUT202406081235142515913 + 01876609316 + 01876609316 + MD Kawser 
【2024-06-10 12:22:50】:OUT202406081242522808427 + 01786066559 + 01786066559 + MD Habibur Rahman 
【2024-06-10 12:22:50】:OUT202406081259271026173 + 01821363855 + 01821363855 + ইব্রাহিম খলিল 
【2024-06-10 12:22:50】:OUT202406081317263819995 + 01408057601 + 01408057601 + SAJADUL ISLAM MONNA
【2024-06-10 12:22:50】:OUT202406081354536887980 + 01819271687 + 01819271687 + Md eyakub
【2024-06-10 12:22:50】:OUT202406081427316331945 + 01735967392 + 01735967392 + Rayhan 
【2024-06-10 12:22:51】:OUT202406081434021214532 + 01310112176 + 01310112176 + KHANDOKAR ROBIUL ISLAM
【2024-06-10 12:22:51】:OUT202406081513227629908 + 01839303935 + 01839303935 + 01839303935
【2024-06-10 12:22:51】:OUT202406081524004733609 + 01720237027 + 01720237027 + MD RUBEL MIAH 
【2024-06-10 12:22:51】:OUT202406081534207754310 + 01927105497 + 01927105497 + Jibon Ahmed 
【2024-06-10 12:22:51】:OUT202406081538094754191 + 01606515781 + 01606515781 + Shahadat 
【2024-06-10 12:22:51】:OUT202406081546024256672 + 01775521598 + 01775521598 + MD ariful 
【2024-06-10 12:23:32】:OUT202406081558519132955 + 01755748709 + 01755748709 + Rima akter
【2024-06-10 12:23:32】:OUT202406081645031146540 + 01738024693 + 01738024693 + Moni
【2024-06-10 12:23:32】:OUT202406081700429612692 + 01795100073 + 01795100073 + মোসাঃ রাজিয়া বেগম
【2024-06-10 12:23:32】:OUT202406081810065931550 + 01889321930 + 01889321930 + Samiul Islan
【2024-06-10 12:23:32】:OUT202406081845244489346 + 01914561426 + 01914561426 + মোঃ খালিদ হাসান
【2024-06-10 12:23:32】:OUT202406081901085847612 + 01790287465 + 01790287465 + Mahmudul hasan
【2024-06-10 12:23:32】:OUT202406081906596782860 + 01719986531 + 01719986531 + Mahfuzur rahman juwel
【2024-06-10 12:23:40】:OUT202406081941143571335 + 01786705103 + 01786705103 + Md soyeb
【2024-06-10 12:24:02】:OUT202406081947551307434 + 01407958822 + 01407958822 + Sujoy
【2024-06-10 12:24:03】:OUT202406082012561388225 + 01710796560 + 01710796560 + Jannatul
【2024-06-10 12:24:03】:OUT202406082044006017484 + 01680757444 + 01680757444 + Uttom Datta
【2024-06-10 12:24:03】:OUT202406082110111694516 + 01325430236 + 01325430236 + ARIYAN TALUKDER
【2024-06-10 12:24:03】:OUT202406082247246263426 + 01737625234 + 01737625234 + Abdul Mannan shake 
【2024-06-10 12:24:03】:OUT202406090027296633884 + 01847439902 + 01847439902 + Taosin
【2024-06-10 12:24:03】:OUT202406090028082407354 + 01792009864 + 01792009864 + Jihad
【2024-06-10 12:24:03】:OUT202406090206359662192 + 01732191558 + 01732191558 + Shamsun Naher 
【2024-06-10 12:24:03】:OUT202406090302124745965 + 01907083439 + 01907083439 + Khaled Hossain
【2024-06-10 12:24:03】:OUT202406090304452881158 + 01907083439 + 01907083439 + Khaled Hossain
【2024-06-10 12:24:03】:OUT202406090305572261786 + 01907083439 + 01907083439 + Khaled Hossain 
【2024-06-10 12:24:04】:OUT202406091000497762929 + 01933942366 + 01933942366 + Abir
【2024-06-10 12:24:04】:OUT202406091116453038307 + 01867917602 + 01867917602 + Shahana
【2024-06-10 12:24:04】:OUT202406091148249074586 + 01875271819 + 01875271819 + AL AMIN
【2024-06-10 12:24:04】:OUT202406091212309251614 + 01734864294 + 01734864294 + Md Mizan sheikh 
【2024-06-10 12:24:04】:OUT202406091220384590638 + 01300173702 + 01300173702 + MD johurul Hoque 
【2024-06-10 12:24:04】:OUT202406091223072766166 + 01770265551 + 01770265551 + S Rahman 
【2024-06-10 12:24:04】:OUT202406091257462589359 + 01402101388 + 01402101388 + Lucky
【2024-06-10 12:24:04】:OUT202406091313303251649 + 01304463389 + 01304463389 + Tm Alex 
【2024-06-10 12:24:04】:OUT202406091537166472505 + 01317120012 + 01317120012 + Sanjida 
【2024-06-10 12:24:17】:OUT202406091824599592349 + 01951006891 + 01951006891 + Md Forhad Islam 
【2024-06-10 12:25:10】:OUT202406091845076911575 + 01909854717 + 01909854717 + আফরিন মৌ
【2024-06-10 12:25:10】:OUT202406091927329405171 + 01868113169 + 01868113169 + MD DLUL Mia 
【2024-06-10 12:25:10】:OUT202406091955335243790 + 01872564739 + 01872564739 + Rabbi Hossain Rana 
【2024-06-10 12:25:10】:OUT202406092208514508779 + 01798595347 + 01798595347 + Mdmujahid2024
【2024-06-11 12:08:27】:OUT202406092028382481520 + 01815561489 + 01815561489 + MN Chowdhury
【2024-06-11 12:08:27】:OUT202406092031301542965 + 01815561489 + 01815561489 + MN Chowdhury
【2024-06-11 12:08:27】:OUT202406092227103904983 + 01819975092 + 01819975092 + Md sahalam 
【2024-06-11 12:08:27】:OUT202406092232137734574 + 01407574728 + 01407574728 + Tanjim Ahmed Mahin
【2024-06-11 12:08:27】:OUT202406092233417943327 + 01831547126 + 01831547126 + Kolpona
【2024-06-11 12:08:27】:OUT202406092325508868349 + 01615223627 + 01615223627 + মোঃ স্বাধীন ইসলাম 
【2024-06-11 12:08:27】:OUT202406100031156316724 + 01313568698 + 01313568698 + Rizvi huda
【2024-06-11 12:08:52】:OUT202406100043404746387 + 01955437871 + 01955437871 + Md Tahajul Islam 
【2024-06-11 12:08:52】:OUT202406100204176931100 + 01907083439 + 01907083439 + Khaled Hossain 
【2024-06-11 12:08:52】:OUT202406100205309559125 + 01812996264 + 01812996264 + 01812996264
【2024-06-11 12:08:52】:OUT202406100206535152851 + 01907083439 + 01907083439 + Khaled Hossain
【2024-06-11 12:08:52】:OUT202406100208029507963 + 01708856430 + 01708856430 + Sonju
【2024-06-11 12:08:53】:OUT202406100209244410292 + 01894181834 + 01894181834 + Joy
【2024-06-11 12:08:53】:OUT202406100209553294354 + 01815740347 + 01815740347 + Sifat
【2024-06-11 12:08:53】:OUT202406100225312024364 + 01686507395 + 01686507395 + Md.Mahbub Alam 
【2024-06-11 12:08:53】:OUT202406100232394928731 + 01927105497 + 01927105497 + Jibon Ahmed 
【2024-06-11 12:08:53】:OUT202406100241453305648 + 01854285621 + 01854285621 + Emdadul
【2024-06-11 12:08:53】:OUT202406100243491181407 + 01854285621 + 01854285621 + Emdadul
【2024-06-11 12:08:53】:OUT202406100250319834610 + 01704784862 + 01704784862 + Md Mujahid islam
【2024-06-11 12:08:53】:OUT202406100321309182970 + 01710477588 + 01710477588 + Shahinur Alam Sarker 
【2024-06-11 12:08:53】:OUT202406100417336776505 + 01689121289 + 01689121289 + Hasib Khan
【2024-06-11 12:08:53】:OUT202406100442194745329 + 01325106889 + 01325106889 + Shohel
【2024-06-11 12:08:53】:OUT202406100823303964356 + 01745047527 + 01745047527 + Nurunobisumon 
【2024-06-11 12:08:54】:OUT202406100825062664742 + 01792210172 + 01792210172 + arshadul hoq
【2024-06-11 12:08:54】:OUT202406100841385062279 + 01951006891 + 01951006891 + Md Forhad Islam 
【2024-06-11 12:09:26】:OUT202406100858206915440 + 01742301273 + 01742301273 + Torikul islam 
【2024-06-11 12:09:26】:OUT202406100858381521213 + 01762420574 + 01762420574 + Shawon 
【2024-06-11 12:09:26】:OUT202406100916196492705 + 01608271481 + 01608271481 + Shihab Uddin
【2024-06-11 12:09:26】:OUT202406100936332210236 + 01904697414 + 01904697414 + Fardaus
【2024-06-11 12:09:26】:OUT202406100948035296539 + 01877145746 + 01877145746 + 01877145746
【2024-06-11 12:09:27】:OUT202406100954137010795 + 01968648145 + 01968648145 + Shaown
【2024-06-11 12:09:27】:OUT202406101006017454444 + 01715125030 + 01715125030 + Halima Begum 
【2024-06-11 12:09:27】:OUT202406101028114790797 + 01989651853 + 01989651853 + Marjan Ahmed 
【2024-06-11 12:09:27】:OUT202406101043524481332 + 01763190948 + 01763190948 + Salman
【2024-06-11 12:09:27】:OUT202406101043594732526 + 01916301053 + 01916301053 + hridoy
【2024-06-11 12:09:27】:OUT202406101054145450652 + 01643287728 + 01643287728 + Md. Sohel Rana 
【2024-06-11 12:09:27】:OUT202406101103157273324 + 01932888841 + 01932888841 + HRidoy
【2024-06-11 12:09:27】:OUT202406101111216194957 + 01402667474 + 01402667474 + MD Sakibul Islam
【2024-06-11 12:09:27】:OUT202406101150422868445 + 01648456042 + 01648456042 + Shohag
【2024-06-11 12:09:27】:OUT202406101150585383790 + 01754925056 + 01754925056 + MD ShahjalaL
【2024-06-11 12:09:27】:OUT202406101203567948295 + 01728608812 + 01728608812 + Md Alamin
【2024-06-11 12:09:28】:OUT202406101204495067437 + 01797495571 + 01797495571 + mdsawonmolla
【2024-06-11 12:09:28】:OUT202406101205525765471 + 01821355929 + 01821355929 + MD Ashak Khan 
【2024-06-11 12:09:28】:OUT202406101207587877255 + 01768391773 + 01768391773 + Saiful
【2024-06-11 12:09:28】:OUT202406101208002891665 + 01775521598 + 01775521598 + MD Ariful 
【2024-06-11 12:09:56】:OUT202406101208481354986 + 01889937267 + 01889937267 + Ripa
【2024-06-11 12:09:56】:OUT202406101209282371276 + 01322129030 + 01322129030 + শামীম আহমেদ 
【2024-06-11 12:09:56】:OUT202406101209363980422 + 01896485859 + 01896485859 + Supta
【2024-06-11 12:09:56】:OUT202406101209428524953 + 01792768331 + 01792768331 + Alex's Rostom 
【2024-06-11 12:09:56】:OUT202406101212558029247 + 01322129030 + 01322129030 + শামীম আহমেদ 
【2024-06-11 12:09:56】:OUT202406101215413534950 + 01950936693 + 01950936693 + Ashif Iqbal 
【2024-06-11 12:09:56】:OUT202406101223318811230 + 01942226060 + 01942226060 + সোবহান
【2024-06-11 12:09:56】:OUT202406101224068619448 + 01619122348 + 01619122348 + Tafhimul Islam 
【2024-06-11 12:09:57】:OUT202406101226525476625 + 01990079815 + 01990079815 + রফিক
【2024-06-11 12:09:57】:OUT202406101230251127754 + 01786066559 + 01786066559 + MD Habibur Rahman 
【2024-06-11 12:09:57】:OUT202406101231287484422 + 01316345424 + 01316345424 + Juwel
【2024-06-11 12:09:57】:OUT202406101247371630876 + 01763330468 + 01763330468 + ANIK
【2024-06-11 12:09:57】:OUT202406101249004273457 + 01405503369 + 01405503369 + Eliousrhamatullah
【2024-06-11 12:09:57】:OUT202406101305588727105 + 01757583618 + 01757583618 + Selim
【2024-06-11 12:09:57】:OUT202406101306005645440 + 01973583233 + 01973583233 + Mahbubur Rahman 
【2024-06-11 12:09:57】:OUT202406101306253666250 + 01781632465 + 01781632465 + Abdur Roshid
【2024-06-11 12:09:57】:OUT202406101306477896572 + 01316345424 + 01316345424 + Bad Luck
【2024-06-11 12:09:58】:OUT202406101318335000738 + 01822924248 + 01822924248 + Mir Suyad sakir 
【2024-06-11 12:09:58】:OUT202406101321274812134 + 01999991875 + 01999991875 + md dulal
【2024-06-11 12:09:58】:OUT202406101323024555244 + 01915614526 + 01915614526 + Shahjalal salim
【2024-06-11 12:10:31】:OUT202406101325455754957 + 01761825810 + 01761825810 + Sufia begom
【2024-06-11 12:10:31】:OUT202406101328532275875 + 01711412925 + 01711412925 + Poritosh kumar
【2024-06-11 12:10:31】:OUT202406101329018273950 + 01330412510 + 01330412510 +  Mst laila akter
【2024-06-11 12:10:31】:OUT202406101332162475305 + 01985753055 + 01985753055 + Aroshi
【2024-06-11 12:10:32】:OUT202406101337549658918 + 01792944446 + 01792944446 + Masud Rana
【2024-06-11 12:10:32】:OUT202406101343443665970 + 01319384121 + 01319384121 + Shitara
【2024-06-11 12:10:32】:OUT202406101343514260332 + 01752418257 + 01752418257 + Tokir
【2024-06-11 12:10:32】:OUT202406101344029141129 + 01995207190 + 01995207190 + Md Samir Khan 
【2024-06-11 12:10:32】:OUT202406101344287577204 + 01327385513 + 01327385513 + Md. Abu Sayem 
【2024-06-11 12:10:32】:OUT202406101346127437559 + 01776164580 + 01776164580 + Foridali
【2024-06-11 12:10:32】:OUT202406101348342253413 + 01773732376 + 01773732376 + Md Rasel Babu
【2024-06-11 12:10:32】:OUT202406101352112083210 + 01763939625 + 01763939625 + Rasel Ahmed 
【2024-06-11 12:10:32】:OUT202406101352216591387 + 01317181496 + 01317181496 + সুমীনা আক্তার 
【2024-06-11 12:10:32】:OUT202406101352348565706 + 01961796235 + 01961796235 + ami arman
【2024-06-11 12:10:33】:OUT202406101401299087301 + 01985753055 + 01985753055 + Aroshi
【2024-06-11 12:10:33】:OUT202406101402502236420 + 01913508714 + 01913508714 + MD JAKARIA 
【2024-06-11 12:10:33】:OUT202406101425305655668 + 01823138979 + 01823138979 + Santo
【2024-06-11 12:10:33】:OUT202406101427402708659 + 01736879895 + 01736879895 + আল মামুন 
【2024-06-11 12:10:33】:OUT202406101453366583242 + 01731358459 + 01731358459 + KAZI ABDUR RAHIM
【2024-06-11 12:10:33】:OUT202406101505288046752 + 01788929539 + 01788929539 + মোঃ রাহিম
【2024-06-11 12:12:47】:OUT202406101510198019909 + 01310706810 + 01310706810 + Md Sakib
【2024-06-11 12:12:47】:OUT202406101515272451926 + 01858781209 + 01858781209 + Md Masud Molla 
【2024-06-11 12:12:47】:OUT202406101539259834406 + 01628606482 + 01628606482 + Shakib 
【2024-06-11 12:12:48】:OUT202406101629263374838 + 01317362218 + 01317362218 + Amrin akter
【2024-06-11 12:12:48】:OUT202406101652496565326 + 01604093248 + 01604093248 + Saima 
【2024-06-11 12:12:48】:OUT202406101658291769585 + 01310022574 + 01310022574 + Md Ahmed 
【2024-06-11 12:12:48】:OUT202406101708253874579 + 01738024693 + 01738024693 + Moni
【2024-06-11 12:12:48】:OUT202406101711142553514 + 01613793771 + 01613793771 + Ansar Ahmad 
【2024-06-11 12:13:00】:OUT202406101711142553514 + 01613793771 + 01613793771 + Ansar Ahmad 
【2024-06-11 12:13:31】:OUT202406101712363412329 + 01316345424 + 01316345424 + Jamal
【2024-06-11 12:13:38】:OUT202406101724129400664 + 01608271481 + 01608271481 + SHIHAB UDDIN
【2024-06-11 12:13:43】:OUT202406101729272942705 + 01755748709 + 01755748709 + Rima akter
【2024-06-11 12:13:49】:OUT202406101815264536554 + 01737625234 + 01737625234 + Abdul Mannan shake 
【2024-06-11 12:14:09】:OUT202406101815264536554 + 01737625234 + 01737625234 + Abdul Mannan shake 
【2024-06-11 12:14:18】:OUT202406101815264536554 + 01737625234 + 01737625234 + Abdul Mannan shake 
【2024-06-11 12:14:23】:OUT202406101840162446441 + 01762967079 + 01762967079 + Mizanur Rahaman 
【2024-06-11 13:20:03】:OUT202406101711142553514 + 01613793771 + 01613793771 + Ansar Ahmad 
【2024-06-11 13:20:11】:OUT202406101711142553514 + 01613793771 + 01613793771 + Ansar Ahmad 
【2024-06-11 13:31:31】:OUT202406101815264536554 + 01737625234 + 01737625234 + Abdul Mannan shake 
【2024-06-11 13:36:09】:OUT202406101815264536554 + 01737625234 + 01737625234 + Abdul Mannan shake 
【2024-06-12 21:29:41】:OUT202406111451242305699 + 01608271481 + 01608271481 + Shihab Uddin
【2024-06-12 21:29:54】:OUT202406111459542960472 + 01762796304 + 01762796304 + Masud
